<?xml version="1.0" encoding="UTF-8"?>
<!-- Generated by org.testng.reporters.JUnitReportReporter -->
<testsuite hostname="WIN-20130829EGW" name="cn.jely.cd.ProductDeliveryServiceTest" tests="1" failures="0" timestamp="16 Sep 2013 09:07:49 GMT" time="0.414" errors="0">
  <testcase name="testfindUnComplete" time="0.414" classname="cn.jely.cd.ProductDeliveryServiceTest"/>
</testsuite> <!-- cn.jely.cd.ProductDeliveryServiceTest -->
