<?xml version="1.0" encoding="UTF-8"?>
<!-- Generated by org.testng.reporters.JUnitReportReporter -->
<testsuite hostname="WIN-20130829EGW" name="cn.jely.cd.EmployeeServiceTest" tests="1" failures="0" timestamp="10 Oct 2013 06:53:32 GMT" time="0.337" errors="0">
  <testcase name="testupdate" time="0.337" classname="cn.jely.cd.EmployeeServiceTest"/>
</testsuite> <!-- cn.jely.cd.EmployeeServiceTest -->
