<?xml version="1.0" encoding="UTF-8"?>
<!-- Generated by org.testng.reporters.JUnitReportReporter -->
<testsuite hostname="WIN-20130829EGW" name="cn.jely.cd.sys.UserServiceTest" tests="1" failures="0" timestamp="10 Oct 2013 09:06:48 GMT" time="0.357" errors="0">
  <testcase name="testSetDeleteState" time="0.357" classname="cn.jely.cd.sys.UserServiceTest"/>
</testsuite> <!-- cn.jely.cd.sys.UserServiceTest -->
