<?xml version="1.0" encoding="UTF-8"?>
<!-- Generated by org.testng.reporters.JUnitReportReporter -->
<testsuite hostname="WIN-20130829EGW" name="cn.jely.cd.ProductStockDetailServiceTest" tests="1" failures="0" timestamp="30 Oct 2013 01:30:40 GMT" time="0.341" errors="0">
  <testcase name="testSumRealStockQuantity" time="0.341" classname="cn.jely.cd.ProductStockDetailServiceTest"/>
</testsuite> <!-- cn.jely.cd.ProductStockDetailServiceTest -->
