<?xml version="1.0" encoding="UTF-8"?>
<!-- Generated by org.testng.reporters.JUnitReportReporter -->
<testsuite hostname="WIN-20130829EGW" name="cn.jely.cd.export.service.ExporterServiceTest" tests="1" failures="0" timestamp="15 Nov 2013 09:29:10 GMT" time="1.005" errors="0">
  <testcase name="testFileImport" time="1.005" classname="cn.jely.cd.export.service.ExporterServiceTest"/>
</testsuite> <!-- cn.jely.cd.export.service.ExporterServiceTest -->
