<?xml version="1.0" encoding="UTF-8"?>
<!-- Generated by org.testng.reporters.JUnitReportReporter -->
<testsuite hostname="WIN-20130829EGW" name="cn.jely.cd.BaseTypeTest" tests="1" failures="0" timestamp="15 Sep 2013 14:13:09 GMT" time="0.161" errors="0">
  <testcase name="testString" time="0.161" classname="cn.jely.cd.BaseTypeTest"/>
</testsuite> <!-- cn.jely.cd.BaseTypeTest -->
