<?xml version="1.0" encoding="UTF-8"?>
<!-- Generated by org.testng.reporters.JUnitReportReporter -->
<testsuite hostname="WIN-20130829EGW" name="cn.jely.cd.util.MyClassLoaderTest" tests="1" failures="0" timestamp="13 Nov 2013 14:31:52 GMT" time="0.015" errors="0">
  <testcase name="testSystemLoader" time="0.015" classname="cn.jely.cd.util.MyClassLoaderTest"/>
</testsuite> <!-- cn.jely.cd.util.MyClassLoaderTest -->
