<?xml version="1.0" encoding="UTF-8"?>
<!-- Generated by org.testng.reporters.JUnitReportReporter -->
<testsuite hostname="WIN-20130829EGW" name="cn.jely.cd.OtherTest" tests="1" failures="0" timestamp="14 Nov 2013 07:24:05 GMT" time="0.013" errors="0">
  <testcase name="testLine" time="0.013" classname="cn.jely.cd.OtherTest"/>
</testsuite> <!-- cn.jely.cd.OtherTest -->
