<?xml version="1.0" encoding="UTF-8"?>
<!-- Generated by org.testng.reporters.JUnitReportReporter -->
<testsuite hostname="WIN-20130829EGW" name="cn.jely.cd.BaseDataTypeServiceTest" tests="1" failures="0" timestamp="15 Sep 2013 14:14:01 GMT" time="0.595" errors="0">
  <testcase name="testFindPager" time="0.595" classname="cn.jely.cd.BaseDataTypeServiceTest"/>
</testsuite> <!-- cn.jely.cd.BaseDataTypeServiceTest -->
