<?xml version="1.0" encoding="UTF-8"?>
<!-- Generated by org.testng.reporters.JUnitReportReporter -->
<testsuite hostname="WIN-20130829EGW" name="cn.jely.cd.sys.ActionResourceServiceTest" tests="1" failures="0" timestamp="8 Oct 2013 03:42:09 GMT" time="85.749" errors="0">
  <testcase name="testToChildModel" time="85.749" classname="cn.jely.cd.sys.ActionResourceServiceTest"/>
</testsuite> <!-- cn.jely.cd.sys.ActionResourceServiceTest -->
