<?xml version="1.0" encoding="UTF-8"?>
<!-- Generated by org.testng.reporters.JUnitReportReporter -->
<testsuite hostname="WIN-20130829EGW" name="cn.jely.cd.export.service.ExportServiceTest" tests="1" failures="0" timestamp="30 Oct 2013 05:15:48 GMT" time="0.260" errors="0">
  <testcase name="testfind" time="0.260" classname="cn.jely.cd.export.service.ExportServiceTest"/>
</testsuite> <!-- cn.jely.cd.export.service.ExportServiceTest -->
