<?xml version="1.0" encoding="UTF-8"?>
<!-- Generated by org.testng.reporters.JUnitReportReporter -->
<testsuite hostname="WIN-20130829EGW" name="cn.jely.cd.sys.SystemServiceTest" tests="1" failures="0" timestamp="10 Oct 2013 07:43:44 GMT" time="8.117" errors="0">
  <testcase name="testRepair" time="8.117" classname="cn.jely.cd.sys.SystemServiceTest"/>
</testsuite> <!-- cn.jely.cd.sys.SystemServiceTest -->
