<?xml version="1.0" encoding="UTF-8"?>
<!-- Generated by org.testng.reporters.JUnitReportReporter -->
<testsuite hostname="WIN-20130829EGW" name="cn.jely.cd.ProductPurchaseServiceTest" tests="1" failures="0" timestamp="16 Sep 2013 08:54:31 GMT" time="20.483" errors="0">
  <testcase name="testfindUnCompleteWithReturn" time="20.483" classname="cn.jely.cd.ProductPurchaseServiceTest"/>
</testsuite> <!-- cn.jely.cd.ProductPurchaseServiceTest -->
