<?xml version="1.0" encoding="UTF-8"?>
<!-- Generated by org.testng.reporters.JUnitReportReporter -->
<testsuite hostname="WIN-20130829EGW" name="cn.jely.cd.web.ReportTest" tests="1" failures="0" timestamp="7 Nov 2013 08:23:16 GMT" time="3.043" errors="0">
  <testcase name="testDataSource" time="3.043" classname="cn.jely.cd.web.ReportTest"/>
</testsuite> <!-- cn.jely.cd.web.ReportTest -->
