<?xml version="1.0" encoding="UTF-8"?>
<!-- Generated by org.testng.reporters.JUnitReportReporter -->
<testsuite hostname="WIN-20130829EGW" name="cn.jely.cd.ProductServiceTest" tests="1" failures="0" timestamp="15 Nov 2013 08:03:22 GMT" time="1.451" errors="0">
  <testcase name="testDownTemplate" time="1.451" classname="cn.jely.cd.ProductServiceTest"/>
</testsuite> <!-- cn.jely.cd.ProductServiceTest -->
